[2025-08-01 09:59:45] SUCCESS: Docker is installed
[2025-08-01 09:59:45] SUCCESS: Docker daemon is running
[2025-08-01 09:59:45] SUCCESS: Docker Compose is available
[2025-08-01 09:59:45] SUCCESS: curl is installed
[2025-08-01 09:59:45] SUCCESS: nc is installed
[2025-08-01 09:59:45] SUCCESS: openssl is installed
[2025-08-01 09:59:45] SUCCESS: git is installed
[2025-08-01 09:59:45] SUCCESS: Sufficient disk space available
[2025-08-01 09:59:45] STATUS: 🔍 Scanning for port conflicts and resolving...
[2025-08-01 09:59:45] SUCCESS: ✅ Port 8000 available for api
[2025-08-01 09:59:45] SUCCESS: ✅ Port 8501 available for docs_portal
[2025-08-01 09:59:45] SUCCESS: ✅ Port 8502 available for testing_portal
[2025-08-01 09:59:45] SUCCESS: ✅ Port 3000 available for frontend
[2025-08-01 09:59:45] WARNING: 🔄 Port conflict resolved: grafana moved from 3001 to 3002
[2025-08-01 09:59:45] WARNING: 🔄 Port conflict resolved: jaeger moved from 16686 to 16687
[2025-08-01 09:59:45] WARNING: 🔄 Port conflict resolved: prometheus moved from 9090 to 9091
[2025-08-01 09:59:45] WARNING: 🔄 Port conflict resolved: redis moved from 6379 to 6380
[2025-08-01 09:59:45] SUCCESS: ✅ Port 9200 available for elasticsearch
[2025-08-01 09:59:46] SUCCESS: ✅ Port 5601 available for kibana
[2025-08-01 09:59:46] SUCCESS: ✅ Port 5044 available for logstash
[2025-08-01 09:59:46] STATUS: 📋 Port conflict resolution summary:\n  • grafana: 3001 → 3002\n  • jaeger: 16686 → 16687\n  • prometheus: 9090 → 9091\n  • redis: 6379 → 6380
[2025-08-01 09:59:46] STATUS: 📝 Updating environment configuration with resolved ports...
[2025-08-01 09:59:46] SUCCESS: Environment configuration updated with new ports
[2025-08-01 09:59:46] WARNING: .env file already exists
[2025-08-01 09:59:47] STEP: Using existing .env file
[2025-08-01 09:59:47] STEP: Validating environment configuration...
[2025-08-01 09:59:47] SUCCESS: Environment configuration validated
[2025-08-01 09:59:47] STEP: Creating required directories...
[2025-08-01 09:59:47] STEP: Creating monitoring configuration files...
[2025-08-01 09:59:47] SUCCESS: Monitoring configurations created
[2025-08-01 09:59:47] SUCCESS: Docker environment prepared
[2025-08-01 09:59:47] STEP: Validating database configuration...
[2025-08-01 09:59:47] STEP: Checking consolidated database schema...
[2025-08-01 09:59:47] SUCCESS: Found consolidated database schema file
[2025-08-01 09:59:47] INFO: Schema includes:
[2025-08-01 09:59:47] INFO:   • Core RegulensAI tables (users, regulations, compliance, etc.)
[2025-08-01 09:59:47] INFO:   • Centralized logging tables (logs, aggregation rules, retention)
[2025-08-01 09:59:47] INFO:   • APM monitoring tables (transactions, spans, errors, metrics)
[2025-08-01 09:59:47] INFO:   • Disaster recovery tables (objectives, tests, events, backups)
[2025-08-01 09:59:47] INFO:   • Configuration management tables (versions, drift, compliance)
[2025-08-01 09:59:47] INFO:   • Optimized indexes and constraints for performance
[2025-08-01 09:59:47] STEP: Database schema will be applied during service startup...
[2025-08-01 09:59:47] INFO: The consolidated startup script will handle:
[2025-08-01 09:59:47] INFO:   • Database connectivity verification
[2025-08-01 09:59:47] INFO:   • Schema migrations and updates
[2025-08-01 09:59:47] INFO:   • Schema validation and integrity checks
[2025-08-01 09:59:47] SUCCESS: Database setup configuration completed
[2025-08-01 09:59:47] STEP: Preparing consolidated startup script...
[2025-08-01 09:59:47] STEP: Starting all RegulensAI services using consolidated startup script...
[2025-08-01 09:59:47] INFO: This includes:
[2025-08-01 09:59:47] INFO:   • Infrastructure services (Redis, Qdrant)
[2025-08-01 09:59:47] INFO:   • ELK Stack (Elasticsearch, Logstash, Kibana, Filebeat)
[2025-08-01 09:59:47] INFO:   • Monitoring services (Jaeger, Prometheus, Grafana)
[2025-08-01 09:59:47] INFO:   • Application services (API, Compliance Engine, etc.)
[2025-08-01 09:59:47] INFO:   • UI services (Web UI, Documentation Portal)
[2025-08-01 09:59:47] INFO:   • Background services (DR, Logging, Backup managers)
[2025-08-01 09:59:47] WARNING: Consolidated startup script encountered issues, falling back to basic startup...
[2025-08-01 09:59:47] STEP: Starting Redis...
[2025-08-01 09:59:47] STEP: Waiting for Redis to be ready on port 6379...
[2025-08-01 09:59:47] SUCCESS: Redis is ready!
[2025-08-01 09:59:47] STEP: Starting Qdrant vector database...
[2025-08-01 09:59:47] STEP: Waiting for Qdrant to be ready on port 6333...
[2025-08-01 09:59:47] SUCCESS: Qdrant is ready!
[2025-08-01 09:59:47] STEP: Starting monitoring services...
[2025-08-01 09:59:48] STEP: Waiting for Jaeger to be ready on port 16686...
[2025-08-01 09:59:48] SUCCESS: Jaeger is ready!
[2025-08-01 09:59:48] STEP: Waiting for Prometheus to be ready on port 9090...
[2025-08-01 09:59:48] SUCCESS: Prometheus is ready!
[2025-08-01 09:59:48] STEP: Waiting for Grafana to be ready on port 3001...
[2025-08-01 09:59:48] SUCCESS: Grafana is ready!
[2025-08-01 09:59:48] STEP: Deploying advanced monitoring stack...
[2025-08-01 09:59:48] STEP: Found advanced monitoring deployment script
[2025-08-01 09:59:48] WARNING: Kubernetes not available - using Docker-based monitoring only
[2025-08-01 09:59:48] STEP: Setting up Docker-based monitoring...
[2025-08-01 09:59:48] SUCCESS: Docker-based monitoring deployed
[2025-08-01 09:59:48] STEP: Building application images...
